<?xml version="1.0" encoding="UTF-8"?>
<testsuite xmlns:xsi="http://www.w3.org/2001/XMLSchema-instance" xsi:noNamespaceSchemaLocation="https://maven.apache.org/surefire/maven-surefire-plugin/xsd/surefire-test-report.xsd" version="3.0.2" name="com.example.demo.domain.EventoTest" time="0.042" tests="3" errors="0" skipped="0" failures="0">
  <properties>
[...]
</properties>
  <testcase name="equalsVerifier" classname="com.example.demo.domain.EventoTest" time="0.016"/>
  <testcase name="eventoTipoTest" classname="com.example.demo.domain.EventoTest" time="0.004"/>
  <testcase name="integrantesTest" classname="com.example.demo.domain.EventoTest" time="0.018"/>
</testsuite>