<?xml version="1.0" encoding="UTF-8"?>
<testsuite name="com.eventtickets.mobile.ui.screens.attendees.AttendeeNamesViewModelTest" tests="15" skipped="0" failures="0" errors="0" timestamp="2025-12-13T18:03:59.521Z" hostname="DESKTOP-Q5T47FV" time="0.013">
  <properties/>
  <testcase name="nombre válido tiene al menos 3 caracteres" classname="com.eventtickets.mobile.ui.screens.attendees.AttendeeNamesViewModelTest" time="0.009"/>
  <testcase name="onNameChanged actualiza el nombre del asiento correcto" classname="com.eventtickets.mobile.ui.screens.attendees.AttendeeNamesViewModelTest" time="0.001"/>
  <testcase name="nombre vacío después de ser válido deshabilita botón" classname="com.eventtickets.mobile.ui.screens.attendees.AttendeeNamesViewModelTest" time="0.0"/>
  <testcase name="todos los nombres deben ser válidos para habilitar continuar" classname="com.eventtickets.mobile.ui.screens.attendees.AttendeeNamesViewModelTest" time="0.0"/>
  <testcase name="múltiples asientos mantienen nombres independientes" classname="com.eventtickets.mobile.ui.screens.attendees.AttendeeNamesViewModelTest" time="0.001"/>
  <testcase name="initialize carga los asientos del PurchaseManager" classname="com.eventtickets.mobile.ui.screens.attendees.AttendeeNamesViewModelTest" time="0.0"/>
  <testcase name="nombre solo con letras y espacios es válido" classname="com.eventtickets.mobile.ui.screens.attendees.AttendeeNamesViewModelTest" time="0.0"/>
  <testcase name="estado inicial tiene nombres vacíos y botón deshabilitado" classname="com.eventtickets.mobile.ui.screens.attendees.AttendeeNamesViewModelTest" time="0.0"/>
  <testcase name="saveAttendeeNames guarda correctamente en PurchaseManager" classname="com.eventtickets.mobile.ui.screens.attendees.AttendeeNamesViewModelTest" time="0.0"/>
  <testcase name="nombre con caracteres especiales es inválido" classname="com.eventtickets.mobile.ui.screens.attendees.AttendeeNamesViewModelTest" time="0.001"/>
  <testcase name="timer inicial es 5 minutos" classname="com.eventtickets.mobile.ui.screens.attendees.AttendeeNamesViewModelTest" time="0.0"/>
  <testcase name="nombre válido tiene al menos 3 caracteres - caso válido" classname="com.eventtickets.mobile.ui.screens.attendees.AttendeeNamesViewModelTest" time="0.0"/>
  <testcase name="nombres con acentos son válidos" classname="com.eventtickets.mobile.ui.screens.attendees.AttendeeNamesViewModelTest" time="0.0"/>
  <testcase name="nombre con números es inválido" classname="com.eventtickets.mobile.ui.screens.attendees.AttendeeNamesViewModelTest" time="0.0"/>
  <testcase name="nombre con solo espacios es inválido" classname="com.eventtickets.mobile.ui.screens.attendees.AttendeeNamesViewModelTest" time="0.001"/>
  <system-out><![CDATA[]]></system-out>
  <system-err><![CDATA[]]></system-err>
</testsuite>
