<?xml version="1.0" encoding="UTF-8"?>
<testsuite name="com.eventtickets.mobile.ui.screens.seatmap.SeatMapViewModelTest" tests="12" skipped="0" failures="0" errors="0" timestamp="2025-12-13T18:03:59.655Z" hostname="DESKTOP-Q5T47FV" time="0.033">
  <properties/>
  <testcase name="no permite seleccionar asiento vendido" classname="com.eventtickets.mobile.ui.screens.seatmap.SeatMapViewModelTest" time="0.008"/>
  <testcase name="puede deseleccionar asientos en cualquier orden" classname="com.eventtickets.mobile.ui.screens.seatmap.SeatMapViewModelTest" time="0.003"/>
  <testcase name="no permite seleccionar más de 4 asientos" classname="com.eventtickets.mobile.ui.screens.seatmap.SeatMapViewModelTest" time="0.003"/>
  <testcase name="loadSeatMap con evento inválido muestra error" classname="com.eventtickets.mobile.ui.screens.seatmap.SeatMapViewModelTest" time="0.003"/>
  <testcase name="loadSeatMap carga correctamente el mapa de asientos" classname="com.eventtickets.mobile.ui.screens.seatmap.SeatMapViewModelTest" time="0.002"/>
  <testcase name="no permite seleccionar asiento bloqueado" classname="com.eventtickets.mobile.ui.screens.seatmap.SeatMapViewModelTest" time="0.002"/>
  <testcase name="toggleSeatSelection selecciona asiento disponible" classname="com.eventtickets.mobile.ui.screens.seatmap.SeatMapViewModelTest" time="0.002"/>
  <testcase name="selectedSeats persiste entre cambios de estado" classname="com.eventtickets.mobile.ui.screens.seatmap.SeatMapViewModelTest" time="0.002"/>
  <testcase name="confirmSelection guarda los asientos en PurchaseManager" classname="com.eventtickets.mobile.ui.screens.seatmap.SeatMapViewModelTest" time="0.002"/>
  <testcase name="toggleSeatSelection deselecciona asiento ya seleccionado" classname="com.eventtickets.mobile.ui.screens.seatmap.SeatMapViewModelTest" time="0.002"/>
  <testcase name="puede seleccionar múltiples asientos disponibles" classname="com.eventtickets.mobile.ui.screens.seatmap.SeatMapViewModelTest" time="0.003"/>
  <testcase name="estado inicial es loading" classname="com.eventtickets.mobile.ui.screens.seatmap.SeatMapViewModelTest" time="0.0"/>
  <system-out><![CDATA[]]></system-out>
  <system-err><![CDATA[]]></system-err>
</testsuite>
