<?xml version="1.0" encoding="UTF-8"?>
<testsuite name="com.eventtickets.mobile.data.repository.AuthRepositoryTest" tests="7" skipped="0" failures="0" errors="0" timestamp="2025-12-13T18:03:58.563Z" hostname="DESKTOP-Q5T47FV" time="0.396">
  <properties/>
  <testcase name="login con excepción retorna Result failure" classname="com.eventtickets.mobile.data.repository.AuthRepositoryTest" time="0.08"/>
  <testcase name="login fallido no guarda token" classname="com.eventtickets.mobile.data.repository.AuthRepositoryTest" time="0.203"/>
  <testcase name="isLoggedIn retorna true cuando hay token" classname="com.eventtickets.mobile.data.repository.AuthRepositoryTest" time="0.0"/>
  <testcase name="login exitoso guarda el token" classname="com.eventtickets.mobile.data.repository.AuthRepositoryTest" time="0.054"/>
  <testcase name="isLoggedIn retorna false cuando no hay token" classname="com.eventtickets.mobile.data.repository.AuthRepositoryTest" time="0.0"/>
  <testcase name="múltiples logins sobrescriben el token anterior" classname="com.eventtickets.mobile.data.repository.AuthRepositoryTest" time="0.058"/>
  <testcase name="logout limpia el token" classname="com.eventtickets.mobile.data.repository.AuthRepositoryTest" time="0.0"/>
  <system-out><![CDATA[]]></system-out>
  <system-err><![CDATA[]]></system-err>
</testsuite>
