<?xml version="1.0" encoding="UTF-8"?>
<testsuite name="com.eventtickets.mobile.ui.screens.signin.SignInViewModelTest" tests="11" skipped="0" failures="0" errors="0" timestamp="2025-12-13T18:04:08.624Z" hostname="DESKTOP-Q5T47FV" time="0.063">
  <properties/>
  <testcase name="onNameChange actualiza el nombre" classname="com.eventtickets.mobile.ui.screens.signin.SignInViewModelTest" time="0.024"/>
  <testcase name="onSignInClick con contraseñas no coincidentes muestra error" classname="com.eventtickets.mobile.ui.screens.signin.SignInViewModelTest" time="0.003"/>
  <testcase name="onConfirmPasswordChange actualiza confirmación" classname="com.eventtickets.mobile.ui.screens.signin.SignInViewModelTest" time="0.0"/>
  <testcase name="onSignInClick con email vacío muestra error" classname="com.eventtickets.mobile.ui.screens.signin.SignInViewModelTest" time="0.002"/>
  <testcase name="onSignInClick con email inválido muestra error" classname="com.eventtickets.mobile.ui.screens.signin.SignInViewModelTest" time="0.002"/>
  <testcase name="onSignInClick con nombre vacío muestra error" classname="com.eventtickets.mobile.ui.screens.signin.SignInViewModelTest" time="0.002"/>
  <testcase name="onPasswordChange actualiza la contraseña" classname="com.eventtickets.mobile.ui.screens.signin.SignInViewModelTest" time="0.0"/>
  <testcase name="onSignInClick con contraseña corta muestra error" classname="com.eventtickets.mobile.ui.screens.signin.SignInViewModelTest" time="0.001"/>
  <testcase name="onEmailChange actualiza el email" classname="com.eventtickets.mobile.ui.screens.signin.SignInViewModelTest" time="0.001"/>
  <testcase name="validación ocurre antes de llamar al repository" classname="com.eventtickets.mobile.ui.screens.signin.SignInViewModelTest" time="0.028"/>
  <testcase name="estado inicial es correcto" classname="com.eventtickets.mobile.ui.screens.signin.SignInViewModelTest" time="0.0"/>
  <system-out><![CDATA[]]></system-out>
  <system-err><![CDATA[]]></system-err>
</testsuite>
