<?xml version="1.0" encoding="UTF-8"?>
<testsuite name="com.eventtickets.mobile.data.repository.AuthRepositoryRegisterTest" tests="8" skipped="0" failures="0" errors="0" timestamp="2025-12-13T18:04:05.550Z" hostname="DESKTOP-Q5T47FV" time="2.191">
  <properties/>
  <testcase name="register con username existente retorna error 400" classname="com.eventtickets.mobile.data.repository.AuthRepositoryRegisterTest" time="1.857"/>
  <testcase name="register con respuesta null retorna error" classname="com.eventtickets.mobile.data.repository.AuthRepositoryRegisterTest" time="0.046"/>
  <testcase name="register valida formato de request" classname="com.eventtickets.mobile.data.repository.AuthRepositoryRegisterTest" time="0.053"/>
  <testcase name="register con email existente retorna error 400" classname="com.eventtickets.mobile.data.repository.AuthRepositoryRegisterTest" time="0.048"/>
  <testcase name="register con error de red retorna excepción" classname="com.eventtickets.mobile.data.repository.AuthRepositoryRegisterTest" time="0.051"/>
  <testcase name="register con caracteres especiales en username funciona" classname="com.eventtickets.mobile.data.repository.AuthRepositoryRegisterTest" time="0.046"/>
  <testcase name="register con error 500 del servidor retorna mensaje genérico" classname="com.eventtickets.mobile.data.repository.AuthRepositoryRegisterTest" time="0.041"/>
  <testcase name="register exitoso retorna RegisterResponse" classname="com.eventtickets.mobile.data.repository.AuthRepositoryRegisterTest" time="0.048"/>
  <system-out><![CDATA[]]></system-out>
  <system-err><![CDATA[WARNING: A Java agent has been loaded dynamically (C:\Users\totob\.gradle\caches\8.14\transforms\61204cf543692e842d0a16539eabf700\transformed\jetified-byte-buddy-agent-1.14.6.jar)
WARNING: If a serviceability tool is in use, please run with -XX:+EnableDynamicAgentLoading to hide this warning
WARNING: If a serviceability tool is not in use, please run with -Djdk.instrument.traceUsage for more information
WARNING: Dynamic loading of agents will be disallowed by default in a future release
]]></system-err>
</testsuite>
