<?xml version="1.0" encoding="UTF-8"?>
<testsuite name="com.eventtickets.mobile.ui.screens.home.HomeViewModelTest" tests="7" skipped="0" failures="0" errors="0" timestamp="2025-12-13T18:04:08.526Z" hostname="DESKTOP-Q5T47FV" time="0.049">
  <properties/>
  <testcase name="loadEvents emite Loading antes de Success" classname="com.eventtickets.mobile.ui.screens.home.HomeViewModelTest" time="0.037"/>
  <testcase name="Success state contiene todos los eventos de MockData" classname="com.eventtickets.mobile.ui.screens.home.HomeViewModelTest" time="0.002"/>
  <testcase name="loadEvents múltiples veces mantiene consistencia de datos" classname="com.eventtickets.mobile.ui.screens.home.HomeViewModelTest" time="0.003"/>
  <testcase name="eventos están ordenados correctamente por fecha" classname="com.eventtickets.mobile.ui.screens.home.HomeViewModelTest" time="0.002"/>
  <testcase name="loadEvents con isRefresh true no muestra Loading state" classname="com.eventtickets.mobile.ui.screens.home.HomeViewModelTest" time="0.001"/>
  <testcase name="init carga eventos automáticamente" classname="com.eventtickets.mobile.ui.screens.home.HomeViewModelTest" time="0.001"/>
  <testcase name="eventos tienen todos los campos requeridos" classname="com.eventtickets.mobile.ui.screens.home.HomeViewModelTest" time="0.002"/>
  <system-out><![CDATA[]]></system-out>
  <system-err><![CDATA[]]></system-err>
</testsuite>
