<?xml version="1.0" encoding="UTF-8"?>
<testsuite name="com.eventtickets.mobile.data.PurchaseManagerTest" tests="10" skipped="0" failures="0" errors="0" timestamp="2025-12-13T18:04:05.377Z" hostname="DESKTOP-Q5T47FV" time="0.167">
  <properties/>
  <testcase name="completePurchase retorna null si no hay asientos seleccionados" classname="com.eventtickets.mobile.data.PurchaseManagerTest" time="0.045"/>
  <testcase name="getPurchaseById retorna la compra correcta" classname="com.eventtickets.mobile.data.PurchaseManagerTest" time="0.005"/>
  <testcase name="multiple compras generan IDs únicos incrementales" classname="com.eventtickets.mobile.data.PurchaseManagerTest" time="0.003"/>
  <testcase name="completePurchase limpia el estado después de completar" classname="com.eventtickets.mobile.data.PurchaseManagerTest" time="0.0"/>
  <testcase name="clear limpia completamente el estado" classname="com.eventtickets.mobile.data.PurchaseManagerTest" time="0.0"/>
  <testcase name="setAttendeeNames almacena correctamente los nombres" classname="com.eventtickets.mobile.data.PurchaseManagerTest" time="0.001"/>
  <testcase name="getAllPurchases retorna todas las compras ordenadas por fecha" classname="com.eventtickets.mobile.data.PurchaseManagerTest" time="0.109"/>
  <testcase name="completePurchase retorna null si no hay evento actual" classname="com.eventtickets.mobile.data.PurchaseManagerTest" time="0.001"/>
  <testcase name="completePurchase genera una compra válida con todos los datos" classname="com.eventtickets.mobile.data.PurchaseManagerTest" time="0.001"/>
  <testcase name="startPurchase guarda correctamente el evento y asientos" classname="com.eventtickets.mobile.data.PurchaseManagerTest" time="0.0"/>
  <system-out><![CDATA[]]></system-out>
  <system-err><![CDATA[]]></system-err>
</testsuite>
